[debug] [2020-10-27T17:38:44.082Z] ----------------------------------------------------------------------
[debug] [2020-10-27T17:38:44.101Z] Command:       C:\Program Files\nodejs\node.exe C:\Users\sameer\AppData\Roaming\npm\node_modules\firebase-tools\lib\bin\firebase.js login
[debug] [2020-10-27T17:38:44.101Z] CLI Version:   8.14.0
[debug] [2020-10-27T17:38:44.101Z] Platform:      win32
[debug] [2020-10-27T17:38:44.101Z] Node Version:  v12.19.0
[debug] [2020-10-27T17:38:44.197Z] Time:          Tue Oct 27 2020 23:08:44 GMT+0530 (India Standard Time)
[debug] [2020-10-27T17:38:44.198Z] ----------------------------------------------------------------------
[debug] [2020-10-27T17:38:44.198Z] 
[info] i  Firebase optionally collects CLI usage and error reporting information to help improve our products. Data is collected in accordance with Google's privacy policy (https://policies.google.com/privacy) and is not used to identify you.
 
[info] i  To change your data collection preference at any time, run `firebase logout` and log in again. 
[info] 
[info] Visit this URL on this device to log in:
[info] https://accounts.google.com/o/oauth2/auth?client_id=563584335869-fgrhgmd47bqnekij5i8b5pr03ho849e6.apps.googleusercontent.com&scope=email%20openid%20https%3A%2F%2Fwww.googleapis.com%2Fauth%2Fcloudplatformprojects.readonly%20https%3A%2F%2Fwww.googleapis.com%2Fauth%2Ffirebase%20https%3A%2F%2Fwww.googleapis.com%2Fauth%2Fcloud-platform&response_type=code&state=447888906&redirect_uri=http%3A%2F%2Flocalhost%3A9005
[info] 
[info] Waiting for authentication...
[debug] [2020-10-27T17:39:06.763Z] >>> HTTP REQUEST POST https://accounts.google.com/o/oauth2/token  
 {"code":"4/0AfDhmrhHjotbP2zNg6__Zbwvs0eVgNglVt-VxhqbYWUJYvfm1wGelm4xSQzBI8SEIwU4pw","client_id":"563584335869-fgrhgmd47bqnekij5i8b5pr03ho849e6.apps.googleusercontent.com","client_secret":"j9iVZfS8kkCEFUPaAeJV0sAi","redirect_uri":"http://localhost:9005","grant_type":"authorization_code"}
[debug] [2020-10-27T17:39:06.847Z] Token Fetch Error: FirebaseError: Server Error. tunneling socket could not be established, cause=connect ECONNREFUSED 127.0.0.1:80
    at Request._callback (C:\Users\sameer\AppData\Roaming\npm\node_modules\firebase-tools\lib\api.js:32:31)
    at self.callback (C:\Users\sameer\AppData\Roaming\npm\node_modules\firebase-tools\node_modules\request\request.js:185:22)
    at Request.emit (events.js:314:20)
    at Request.EventEmitter.emit (domain.js:483:12)
    at Request.onRequestError (C:\Users\sameer\AppData\Roaming\npm\node_modules\firebase-tools\node_modules\request\request.js:877:8)
    at ClientRequest.emit (events.js:314:20)
    at ClientRequest.EventEmitter.emit (domain.js:483:12)
    at ClientRequest.onError (C:\Users\sameer\AppData\Roaming\npm\node_modules\firebase-tools\node_modules\tunnel-agent\index.js:179:21)
    at Object.onceWrapper (events.js:421:26)
    at ClientRequest.emit (events.js:314:20)
    at ClientRequest.EventEmitter.emit (domain.js:483:12)
    at Socket.socketErrorListener (_http_client.js:428:9)
    at Socket.emit (events.js:314:20)
    at Socket.EventEmitter.emit (domain.js:483:12)
    at emitErrorNT (internal/streams/destroy.js:92:8)
    at emitErrorAndCloseNT (internal/streams/destroy.js:60:3)
[debug] [2020-10-27T17:39:31.075Z] ----------------------------------------------------------------------
[debug] [2020-10-27T17:39:31.078Z] Command:       C:\Program Files\nodejs\node.exe C:\Users\sameer\AppData\Roaming\npm\node_modules\firebase-tools\lib\bin\firebase.js login
[debug] [2020-10-27T17:39:31.080Z] CLI Version:   8.14.0
[debug] [2020-10-27T17:39:31.080Z] Platform:      win32
[debug] [2020-10-27T17:39:31.081Z] Node Version:  v12.19.0
[debug] [2020-10-27T17:39:31.086Z] Time:          Tue Oct 27 2020 23:09:31 GMT+0530 (India Standard Time)
[debug] [2020-10-27T17:39:31.087Z] ----------------------------------------------------------------------
[debug] [2020-10-27T17:39:31.088Z] 
[info] i  Firebase optionally collects CLI usage and error reporting information to help improve our products. Data is collected in accordance with Google's privacy policy (https://policies.google.com/privacy) and is not used to identify you.
 
[info] 
[info] Visit this URL on this device to log in:
[info] https://accounts.google.com/o/oauth2/auth?client_id=563584335869-fgrhgmd47bqnekij5i8b5pr03ho849e6.apps.googleusercontent.com&scope=email%20openid%20https%3A%2F%2Fwww.googleapis.com%2Fauth%2Fcloudplatformprojects.readonly%20https%3A%2F%2Fwww.googleapis.com%2Fauth%2Ffirebase%20https%3A%2F%2Fwww.googleapis.com%2Fauth%2Fcloud-platform&response_type=code&state=1010257956&redirect_uri=http%3A%2F%2Flocalhost%3A9005
[info] 
[info] Waiting for authentication...
[debug] [2020-10-27T17:39:46.718Z] >>> HTTP REQUEST POST https://accounts.google.com/o/oauth2/token  
 {"code":"4/5gHwOi0Xu8tdVcVjzUn6DxuV7Fi1sg3QXUENQMzDHoVKBTb99PJOt36yH3ScnCNfRDvNwngNj6qWcdKGX8PeXUE","client_id":"563584335869-fgrhgmd47bqnekij5i8b5pr03ho849e6.apps.googleusercontent.com","client_secret":"j9iVZfS8kkCEFUPaAeJV0sAi","redirect_uri":"http://localhost:9005","grant_type":"authorization_code"}
[debug] [2020-10-27T17:39:46.740Z] Token Fetch Error: FirebaseError: Server Error. tunneling socket could not be established, cause=connect ECONNREFUSED 127.0.0.1:80
    at Request._callback (C:\Users\sameer\AppData\Roaming\npm\node_modules\firebase-tools\lib\api.js:32:31)
    at self.callback (C:\Users\sameer\AppData\Roaming\npm\node_modules\firebase-tools\node_modules\request\request.js:185:22)
    at Request.emit (events.js:314:20)
    at Request.EventEmitter.emit (domain.js:483:12)
    at Request.onRequestError (C:\Users\sameer\AppData\Roaming\npm\node_modules\firebase-tools\node_modules\request\request.js:877:8)
    at ClientRequest.emit (events.js:314:20)
    at ClientRequest.EventEmitter.emit (domain.js:483:12)
    at ClientRequest.onError (C:\Users\sameer\AppData\Roaming\npm\node_modules\firebase-tools\node_modules\tunnel-agent\index.js:179:21)
    at Object.onceWrapper (events.js:421:26)
    at ClientRequest.emit (events.js:314:20)
    at ClientRequest.EventEmitter.emit (domain.js:483:12)
    at Socket.socketErrorListener (_http_client.js:428:9)
    at Socket.emit (events.js:314:20)
    at Socket.EventEmitter.emit (domain.js:483:12)
    at emitErrorNT (internal/streams/destroy.js:92:8)
    at emitErrorAndCloseNT (internal/streams/destroy.js:60:3)
